POST /sub?cb=58t8&sticky_token=9&uid=100003276413354&viewer_uid=100003276413354&sticky_pool=frc3c09_chat-proxy&profile=desktop&clientid=1c0f386e&cap=8&reset=t HTTP/1.1
Host: 1-edge-chat.facebook.com
User-Agent: Mozilla/5.0 (X11; Ubuntu; Linux x86_64; rv:48.0) Gecko/20100101 Firefox/48.0
Accept: text/html,application/xhtml+xml,application/xml;q=0.9,*/*;q=0.8
Accept-Language: en-US,en;q=0.5
Content-Type: application/x-www-form-urlencoded
Referer: https://www.facebook.com/
Content-Length: 3240
Origin: https://www.facebook.com
Cookie: fr=0MOqR1OCOekKZQYAS.AWUuLl88pb8tEKskWKmmUaMVSfM.BXgBBn.FE.AAA.1.0.BXyFtk.AWVHPIW4; datr=ZxCAV6kjCnzLOMoeu_PrntKo; sb=hRCAV8xw15gqDeP_9T3MGqCb; c_user=100003276413354; xs=168%3Aco6xMh0Yt2QaUw%3A2%3A1468010630%3A1560; csm=2; s=Aa7e8csgCHCTBbh2.BXgBCG; pl=n; lu=ggFiE5V3PbZprekxjQ1rF4nA; p=-2; presence=EDvF3EtimeF1472748389EuserFA21B03276413354A2EstateFDutF1472748389370Et2F_5b_5dElm2FnullEuct2F1472747785BEtrFnullEtwF2891128086EatF1472748389318CEchFDp_5f1B03276413354F2CC
Connection: keep-alive

=%7B%22subscriptions%22%3A[%7B%22topic%22%3A%22gqls%2Ffeedback_like_subscribe%2Ffeedback_id_1067959779966260%22%2C%22state%22%3A%22s%22%2C%22context%22%3A%7B%22transformContext%22%3A%22%7B%5C%22viewerID%5C%22%3A%5C%22100003276413354%5C%22%2C%5C%22appID%5C%22%3A155160167952447%2C%5C%22locale%5C%22%3A%5C%22en_US%5C%22%2C%5C%22queryID%5C%22%3A%5C%22836675693134221%5C%22%2C%5C%22serializedQueryParameters%5C%22%3A%5C%22%7B%5C%5C%5C%22input%5C%5C%5C%22%3A%5C%5C%5C%22%7B%5C%5C%5C%5C%5C%5C%5C%22client_subscription_id%5C%5C%5C%5C%5C%5C%5C%22%3A%5C%5C%5C%5C%5C%5C%5C%22e7419186-be87-4386-a283-e3882955b18c%5C%5C%5C%5C%5C%5C%5C%22%2C%5C%5C%5C%5C%5C%5C%5C%22feedback_id%5C%5C%5C%5C%5C%5C%5C%22%3A%5C%5C%5C%5C%5C%5C%5C%221067959779966260%5C%5C%5C%5C%5C%5C%5C%22%7D%5C%5C%5C%22%7D%5C%22%7D%22%2C%22locale%22%3A%22en_US%22%7D%7D%2C%7B%22topic%22%3A%22gqls%2Fcomment_create_subscribe%2Ftop_level_feedback_id_1067959779966260%22%2C%22state%22%3A%22s%22%2C%22context%22%3A%7B%22transformContext%22%3A%22%7B%5C%22viewerID%5C%22%3A%5C%22100003276413354%5C%22%2C%5C%22appID%5C%22%3A155160167952447%2C%5C%22locale%5C%22%3A%5C%22en_US%5C%22%2C%5C%22queryID%5C%22%3A%5C%22829607047174419%5C%22%2C%5C%22serializedQueryParameters%5C%22%3A%5C%22%7B%5C%5C%5C%22input%5C%5C%5C%22%3A%5C%5C%5C%22%7B%5C%5C%5C%5C%5C%5C%5C%22client_subscription_id%5C%5C%5C%5C%5C%5C%5C%22%3A%5C%5C%5C%5C%5C%5C%5C%229f6f18f9-179f-448e-af09-45cbae57a910%5C%5C%5C%5C%5C%5C%5C%22%2C%5C%5C%5C%5C%5C%5C%5C%22feedback_id%5C%5C%5C%5C%5C%5C%5C%22%3A%5C%5C%5C%5C%5C%5C%5C%221067959779966260%5C%5C%5C%5C%5C%5C%5C%22%7D%5C%5C%5C%22%7D%5C%22%7D%22%2C%22locale%22%3A%22en_US%22%7D%7D%2C%7B%22topic%22%3A%22gqls%2Fcomment_like_subscribe%2Ftop_level_feedback_id_1067959779966260%22%2C%22state%22%3A%22s%22%2C%22context%22%3A%7B%22transformContext%22%3A%22%7B%5C%22viewerID%5C%22%3A%5C%22100003276413354%5C%22%2C%5C%22appID%5C%22%3A155160167952447%2C%5C%22locale%5C%22%3A%5C%22en_US%5C%22%2C%5C%22queryID%5C%22%3A%5C%22829607060507751%5C%22%2C%5C%22serializedQueryParameters%5C%22%3A%5C%22%7B%5C%5C%5C%22input%5C%5C%5C%22%3A%5C%5C%5C%22%7B%5C%5C%5C%5C%5C%5C%5C%22client_subscription_id%5C%5C%5C%5C%5C%5C%5C%22%3A%5C%5C%5C%5C%5C%5C%5C%2253f37989-5b6c-405e-bb58-18dd9a3a60d8%5C%5C%5C%5C%5C%5C%5C%22%2C%5C%5C%5C%5C%5C%5C%5C%22top_level_feedback_id%5C%5C%5C%5C%5C%5C%5C%22%3A%5C%5C%5C%5C%5C%5C%5C%221067959779966260%5C%5C%5C%5C%5C%5C%5C%22%7D%5C%5C%5C%22%7D%5C%22%7D%22%2C%22locale%22%3A%22en_US%22%7D%7D%2C%7B%22topic%22%3A%22gqls%2Ffeedback_typing_subscribe%2Ffeedback_id_1067959779966260%22%2C%22state%22%3A%22s%22%2C%22context%22%3A%7B%22transformContext%22%3A%22%7B%5C%22viewerID%5C%22%3A%5C%22100003276413354%5C%22%2C%5C%22appID%5C%22%3A155160167952447%2C%5C%22locale%5C%22%3A%5C%22en_US%5C%22%2C%5C%22queryID%5C%22%3A%5C%22829607063841084%5C%22%2C%5C%22serializedQueryParameters%5C%22%3A%5C%22%7B%5C%5C%5C%22input%5C%5C%5C%22%3A%5C%5C%5C%22%7B%5C%5C%5C%5C%5C%5C%5C%22client_subscription_id%5C%5C%5C%5C%5C%5C%5C%22%3A%5C%5C%5C%5C%5C%5C%5C%227b4c3dcd-c537-43f4-93af-c0ed0aeb04b0%5C%5C%5C%5C%5C%5C%5C%22%2C%5C%5C%5C%5C%5C%5C%5C%22feedback_id%5C%5C%5C%5C%5C%5C%5C%22%3A%5C%5C%5C%5C%5C%5C%5C%221067959779966260%5C%5C%5C%5C%5C%5C%5C%22%7D%5C%5C%5C%22%7D%5C%22%7D%22%2C%22locale%22%3A%22en_US%22%7D%7D]%7DHTTP/1.1 200 OK
Cache-Control: private, no-store, no-cache, must-revalidate
Pragma: no-cache
Content-Type: application/json
Date: Thu, 1 Sep 2016 16:46:30 GMT
Access-Control-Allow-Origin: https://www.facebook.com
Access-Control-Allow-Credentials: true
Connection: keep-alive
Content-Length: 22

for (;;); {"t":"pong"}POST /sub?cb=59ds&sticky_token=9&uid=100003276413354&viewer_uid=100003276413354&sticky_pool=frc3c09_chat-proxy&profile=desktop&clientid=1c0f386e&cap=8&reset=t HTTP/1.1
Host: 1-edge-chat.facebook.com
User-Agent: Mozilla/5.0 (X11; Ubuntu; Linux x86_64; rv:48.0) Gecko/20100101 Firefox/48.0
Accept: text/html,application/xhtml+xml,application/xml;q=0.9,*/*;q=0.8
Accept-Language: en-US,en;q=0.5
Content-Type: application/x-www-form-urlencoded
Referer: https://www.facebook.com/
Content-Length: 825
Origin: https://www.facebook.com
Cookie: fr=0MOqR1OCOekKZQYAS.AWUuLl88pb8tEKskWKmmUaMVSfM.BXgBBn.FE.AAA.1.0.BXyFtk.AWVHPIW4; datr=ZxCAV6kjCnzLOMoeu_PrntKo; sb=hRCAV8xw15gqDeP_9T3MGqCb; c_user=100003276413354; xs=168%3Aco6xMh0Yt2QaUw%3A2%3A1468010630%3A1560; csm=2; s=Aa7e8csgCHCTBbh2.BXgBCG; pl=n; lu=ggFiE5V3PbZprekxjQ1rF4nA; p=-2; presence=EDvF3EtimeF1472748389EuserFA21B03276413354A2EstateFDutF1472748389370Et2F_5b_5dElm2FnullEuct2F1472747785BEtrFnullEtwF2891128086EatF1472748389318CEchFDp_5f1B03276413354F2CC; act=1472748393574%2F6
Connection: keep-alive

=%7B%22subscriptions%22%3A[%7B%22topic%22%3A%22gqls%2Ffeedback_like_subscribe%2Ffeedback_id_10205111851194318%22%2C%22state%22%3A%22s%22%2C%22context%22%3A%7B%22transformContext%22%3A%22%7B%5C%22viewerID%5C%22%3A%5C%22100003276413354%5C%22%2C%5C%22appID%5C%22%3A155160167952447%2C%5C%22locale%5C%22%3A%5C%22en_US%5C%22%2C%5C%22queryID%5C%22%3A%5C%22836675693134221%5C%22%2C%5C%22serializedQueryParameters%5C%22%3A%5C%22%7B%5C%5C%5C%22input%5C%5C%5C%22%3A%5C%5C%5C%22%7B%5C%5C%5C%5C%5C%5C%5C%22client_subscription_id%5C%5C%5C%5C%5C%5C%5C%22%3A%5C%5C%5C%5C%5C%5C%5C%22dd30350f-e936-4865-96fa-b53c28a2e3dc%5C%5C%5C%5C%5C%5C%5C%22%2C%5C%5C%5C%5C%5C%5C%5C%22feedback_id%5C%5C%5C%5C%5C%5C%5C%22%3A%5C%5C%5C%5C%5C%5C%5C%2210205111851194318%5C%5C%5C%5C%5C%5C%5C%22%7D%5C%5C%5C%22%7D%5C%22%7D%22%2C%22locale%22%3A%22en_US%22%7D%7D]%7DHTTP/1.1 200 OK
Cache-Control: private, no-store, no-cache, must-revalidate
Pragma: no-cache
Content-Type: application/json
Date: Thu, 1 Sep 2016 16:46:34 GMT
Access-Control-Allow-Origin: https://www.facebook.com
Access-Control-Allow-Credentials: true
Connection: keep-alive
Content-Length: 22

for (;;); {"t":"pong"}POST /sub?cb=kins&sticky_token=9&uid=100003276413354&viewer_uid=100003276413354&sticky_pool=frc3c09_chat-proxy&profile=desktop&clientid=1c0f386e&cap=8 HTTP/1.1
Host: 1-edge-chat.facebook.com
User-Agent: Mozilla/5.0 (X11; Ubuntu; Linux x86_64; rv:48.0) Gecko/20100101 Firefox/48.0
Accept: text/html,application/xhtml+xml,application/xml;q=0.9,*/*;q=0.8
Accept-Language: en-US,en;q=0.5
Content-Type: application/x-www-form-urlencoded
Referer: https://www.facebook.com/
Content-Length: 2451
Origin: https://www.facebook.com
Cookie: fr=0MOqR1OCOekKZQYAS.AWUuLl88pb8tEKskWKmmUaMVSfM.BXgBBn.FE.AAA.1.0.BXyFtk.AWVHPIW4; datr=ZxCAV6kjCnzLOMoeu_PrntKo; sb=hRCAV8xw15gqDeP_9T3MGqCb; c_user=100003276413354; xs=168%3Aco6xMh0Yt2QaUw%3A2%3A1468010630%3A1560; csm=2; s=Aa7e8csgCHCTBbh2.BXgBCG; pl=n; lu=ggFiE5V3PbZprekxjQ1rF4nA; p=-2; presence=EDvF3EtimeF1472748389EuserFA21B03276413354A2EstateFDutF1472748389370Et2F_5b_5dElm2FnullEuct2F1472747785BEtrFnullEtwF2891128086EatF1472748389318CEchFDp_5f1B03276413354F2CC; act=1472748393574%2F6
Connection: keep-alive

=%7B%22subscriptions%22%3A[%7B%22topic%22%3A%22gqls%2Fcomment_create_subscribe%2Ftop_level_feedback_id_10205111851194318%22%2C%22state%22%3A%22s%22%2C%22context%22%3A%7B%22transformContext%22%3A%22%7B%5C%22viewerID%5C%22%3A%5C%22100003276413354%5C%22%2C%5C%22appID%5C%22%3A155160167952447%2C%5C%22locale%5C%22%3A%5C%22en_US%5C%22%2C%5C%22queryID%5C%22%3A%5C%22829607047174419%5C%22%2C%5C%22serializedQueryParameters%5C%22%3A%5C%22%7B%5C%5C%5C%22input%5C%5C%5C%22%3A%5C%5C%5C%22%7B%5C%5C%5C%5C%5C%5C%5C%22client_subscription_id%5C%5C%5C%5C%5C%5C%5C%22%3A%5C%5C%5C%5C%5C%5C%5C%22ef4c09bc-2d5e-4ba1-88fd-8561dd6f3649%5C%5C%5C%5C%5C%5C%5C%22%2C%5C%5C%5C%5C%5C%5C%5C%22feedback_id%5C%5C%5C%5C%5C%5C%5C%22%3A%5C%5C%5C%5C%5C%5C%5C%2210205111851194318%5C%5C%5C%5C%5C%5C%5C%22%7D%5C%5C%5C%22%7D%5C%22%7D%22%2C%22locale%22%3A%22en_US%22%7D%7D%2C%7B%22topic%22%3A%22gqls%2Fcomment_like_subscribe%2Ftop_level_feedback_id_10205111851194318%22%2C%22state%22%3A%22s%22%2C%22context%22%3A%7B%22transformContext%22%3A%22%7B%5C%22viewerID%5C%22%3A%5C%22100003276413354%5C%22%2C%5C%22appID%5C%22%3A155160167952447%2C%5C%22locale%5C%22%3A%5C%22en_US%5C%22%2C%5C%22queryID%5C%22%3A%5C%22829607060507751%5C%22%2C%5C%22serializedQueryParameters%5C%22%3A%5C%22%7B%5C%5C%5C%22input%5C%5C%5C%22%3A%5C%5C%5C%22%7B%5C%5C%5C%5C%5C%5C%5C%22client_subscription_id%5C%5C%5C%5C%5C%5C%5C%22%3A%5C%5C%5C%5C%5C%5C%5C%22b681ba3a-adfe-4562-aef6-fc382b902e98%5C%5C%5C%5C%5C%5C%5C%22%2C%5C%5C%5C%5C%5C%5C%5C%22top_level_feedback_id%5C%5C%5C%5C%5C%5C%5C%22%3A%5C%5C%5C%5C%5C%5C%5C%2210205111851194318%5C%5C%5C%5C%5C%5C%5C%22%7D%5C%5C%5C%22%7D%5C%22%7D%22%2C%22locale%22%3A%22en_US%22%7D%7D%2C%7B%22topic%22%3A%22gqls%2Ffeedback_typing_subscribe%2Ffeedback_id_10205111851194318%22%2C%22state%22%3A%22s%22%2C%22context%22%3A%7B%22transformContext%22%3A%22%7B%5C%22viewerID%5C%22%3A%5C%22100003276413354%5C%22%2C%5C%22appID%5C%22%3A155160167952447%2C%5C%22locale%5C%22%3A%5C%22en_US%5C%22%2C%5C%22queryID%5C%22%3A%5C%22829607063841084%5C%22%2C%5C%22serializedQueryParameters%5C%22%3A%5C%22%7B%5C%5C%5C%22input%5C%5C%5C%22%3A%5C%5C%5C%22%7B%5C%5C%5C%5C%5C%5C%5C%22client_subscription_id%5C%5C%5C%5C%5C%5C%5C%22%3A%5C%5C%5C%5C%5C%5C%5C%227a41639f-0705-4d44-95fe-b85f49d2097c%5C%5C%5C%5C%5C%5C%5C%22%2C%5C%5C%5C%5C%5C%5C%5C%22feedback_id%5C%5C%5C%5C%5C%5C%5C%22%3A%5C%5C%5C%5C%5C%5C%5C%2210205111851194318%5C%5C%5C%5C%5C%5C%5C%22%7D%5C%5C%5C%22%7D%5C%22%7D%22%2C%22locale%22%3A%22en_US%22%7D%7D]%7DHTTP/1.1 200 OK
Cache-Control: private, no-store, no-cache, must-revalidate
Pragma: no-cache
Content-Type: application/json
Date: Thu, 1 Sep 2016 16:46:34 GMT
Access-Control-Allow-Origin: https://www.facebook.com
Access-Control-Allow-Credentials: true
Connection: keep-alive
Content-Length: 22

for (;;); {"t":"pong"}POST /sub?cb=m9zk&sticky_token=9&uid=100003276413354&viewer_uid=100003276413354&sticky_pool=frc3c09_chat-proxy&profile=desktop&clientid=1c0f386e&cap=8 HTTP/1.1
Host: 1-edge-chat.facebook.com
User-Agent: Mozilla/5.0 (X11; Ubuntu; Linux x86_64; rv:48.0) Gecko/20100101 Firefox/48.0
Accept: text/html,application/xhtml+xml,application/xml;q=0.9,*/*;q=0.8
Accept-Language: en-US,en;q=0.5
Content-Type: application/x-www-form-urlencoded
Referer: https://www.facebook.com/
Content-Length: 823
Origin: https://www.facebook.com
Cookie: fr=0MOqR1OCOekKZQYAS.AWXg2gJYY1kUHlNtvo_KNuNtGIA.BXgBBn.FE.AAA.1.0.BXyFtv.AWXOZxb6; datr=ZxCAV6kjCnzLOMoeu_PrntKo; sb=hRCAV8xw15gqDeP_9T3MGqCb; c_user=100003276413354; xs=168%3Aco6xMh0Yt2QaUw%3A2%3A1468010630%3A1560; csm=2; s=Aa7e8csgCHCTBbh2.BXgBCG; pl=n; lu=ggFiE5V3PbZprekxjQ1rF4nA; p=-2; presence=EDvF3EtimeF1472748396EuserFA21B03276413354A2EstateFDt2F_5b_5dElm2FnullEuct2F1472747785BEtrFnullEtwF2891128086EatF1472748395887G472748396296CEchFDp_5f1B03276413354F3CC; act=1472748395925%2F9
Connection: keep-alive

=%7B%22subscriptions%22%3A[%7B%22topic%22%3A%22gqls%2Ffeedback_like_subscribe%2Ffeedback_id_1087668424656495%22%2C%22state%22%3A%22s%22%2C%22context%22%3A%7B%22transformContext%22%3A%22%7B%5C%22viewerID%5C%22%3A%5C%22100003276413354%5C%22%2C%5C%22appID%5C%22%3A155160167952447%2C%5C%22locale%5C%22%3A%5C%22en_US%5C%22%2C%5C%22queryID%5C%22%3A%5C%22836675693134221%5C%22%2C%5C%22serializedQueryParameters%5C%22%3A%5C%22%7B%5C%5C%5C%22input%5C%5C%5C%22%3A%5C%5C%5C%22%7B%5C%5C%5C%5C%5C%5C%5C%22client_subscription_id%5C%5C%5C%5C%5C%5C%5C%22%3A%5C%5C%5C%5C%5C%5C%5C%22c4e9eb58-5824-479b-bcc6-2e562fa605f3%5C%5C%5C%5C%5C%5C%5C%22%2C%5C%5C%5C%5C%5C%5C%5C%22feedback_id%5C%5C%5C%5C%5C%5C%5C%22%3A%5C%5C%5C%5C%5C%5C%5C%221087668424656495%5C%5C%5C%5C%5C%5C%5C%22%7D%5C%5C%5C%22%7D%5C%22%7D%22%2C%22locale%22%3A%22en_US%22%7D%7D]%7DHTTP/1.1 200 OK
Cache-Control: private, no-store, no-cache, must-revalidate
Pragma: no-cache
Content-Type: application/json
Date: Thu, 1 Sep 2016 16:46:39 GMT
Access-Control-Allow-Origin: https://www.facebook.com
Access-Control-Allow-Credentials: true
Connection: keep-alive
Content-Length: 22

for (;;); {"t":"pong"}POST /sub?cb=4n6q&sticky_token=9&uid=100003276413354&viewer_uid=100003276413354&sticky_pool=frc3c09_chat-proxy&profile=desktop&clientid=1c0f386e&cap=8 HTTP/1.1
Host: 1-edge-chat.facebook.com
User-Agent: Mozilla/5.0 (X11; Ubuntu; Linux x86_64; rv:48.0) Gecko/20100101 Firefox/48.0
Accept: text/html,application/xhtml+xml,application/xml;q=0.9,*/*;q=0.8
Accept-Language: en-US,en;q=0.5
Content-Type: application/x-www-form-urlencoded
Referer: https://www.facebook.com/
Content-Length: 8877
Origin: https://www.facebook.com
Cookie: fr=0MOqR1OCOekKZQYAS.AWXg2gJYY1kUHlNtvo_KNuNtGIA.BXgBBn.FE.AAA.1.0.BXyFtv.AWXOZxb6; datr=ZxCAV6kjCnzLOMoeu_PrntKo; sb=hRCAV8xw15gqDeP_9T3MGqCb; c_user=100003276413354; xs=168%3Aco6xMh0Yt2QaUw%3A2%3A1468010630%3A1560; csm=2; s=Aa7e8csgCHCTBbh2.BXgBCG; pl=n; lu=ggFiE5V3PbZprekxjQ1rF4nA; p=-2; presence=EDvF3EtimeF1472748396EuserFA21B03276413354A2EstateFDt2F_5b_5dElm2FnullEuct2F1472747785BEtrFnullEtwF2891128086EatF1472748395887G472748396296CEchFDp_5f1B03276413354F3CC; act=1472748395925%2F9
Connection: keep-alive

=%7B%22subscriptions%22%3A[%7B%22topic%22%3A%22gqls%2Fcomment_create_subscribe%2Ftop_level_feedback_id_1087668424656495%22%2C%22state%22%3A%22s%22%2C%22context%22%3A%7B%22transformContext%22%3A%22%7B%5C%22viewerID%5C%22%3A%5C%22100003276413354%5C%22%2C%5C%22appID%5C%22%3A155160167952447%2C%5C%22locale%5C%22%3A%5C%22en_US%5C%22%2C%5C%22queryID%5C%22%3A%5C%22829607047174419%5C%22%2C%5C%22serializedQueryParameters%5C%22%3A%5C%22%7B%5C%5C%5C%22input%5C%5C%5C%22%3A%5C%5C%5C%22%7B%5C%5C%5C%5C%5C%5C%5C%22client_subscription_id%5C%5C%5C%5C%5C%5C%5C%22%3A%5C%5C%5C%5C%5C%5C%5C%22257a2855-fa33-4510-bedb-39cb934c8d92%5C%5C%5C%5C%5C%5C%5C%22%2C%5C%5C%5C%5C%5C%5C%5C%22feedback_id%5C%5C%5C%5C%5C%5C%5C%22%3A%5C%5C%5C%5C%5C%5C%5C%221087668424656495%5C%5C%5C%5C%5C%5C%5C%22%7D%5C%5C%5C%22%7D%5C%22%7D%22%2C%22locale%22%3A%22en_US%22%7D%7D%2C%7B%22topic%22%3A%22gqls%2Fcomment_like_subscribe%2Ftop_level_feedback_id_1087668424656495%22%2C%22state%22%3A%22s%22%2C%22context%22%3A%7B%22transformContext%22%3A%22%7B%5C%22viewerID%5C%22%3A%5C%22100003276413354%5C%22%2C%5C%22appID%5C%22%3A155160167952447%2C%5C%22locale%5C%22%3A%5C%22en_US%5C%22%2C%5C%22queryID%5C%22%3A%5C%22829607060507751%5C%22%2C%5C%22serializedQueryParameters%5C%22%3A%5C%22%7B%5C%5C%5C%22input%5C%5C%5C%22%3A%5C%5C%5C%22%7B%5C%5C%5C%5C%5C%5C%5C%22client_subscription_id%5C%5C%5C%5C%5C%5C%5C%22%3A%5C%5C%5C%5C%5C%5C%5C%22ac6502f0-750d-4a74-a51f-5b931ed35692%5C%5C%5C%5C%5C%5C%5C%22%2C%5C%5C%5C%5C%5C%5C%5C%22top_level_feedback_id%5C%5C%5C%5C%5C%5C%5C%22%3A%5C%5C%5C%5C%5C%5C%5C%221087668424656495%5C%5C%5C%5C%5C%5C%5C%22%7D%5C%5C%5C%22%7D%5C%22%7D%22%2C%22locale%22%3A%22en_US%22%7D%7D%2C%7B%22topic%22%3A%22gqls%2Ffeedback_typing_subscribe%2Ffeedback_id_1087668424656495%22%2C%22state%22%3A%22s%22%2C%22context%22%3A%7B%22transformContext%22%3A%22%7B%5C%22viewerID%5C%22%3A%5C%22100003276413354%5C%22%2C%5C%22appID%5C%22%3A155160167952447%2C%5C%22locale%5C%22%3A%5C%22en_US%5C%22%2C%5C%22queryID%5C%22%3A%5C%22829607063841084%5C%22%2C%5C%22serializedQueryParameters%5C%22%3A%5C%22%7B%5C%5C%5C%22input%5C%5C%5C%22%3A%5C%5C%5C%22%7B%5C%5C%5C%5C%5C%5C%5C%22client_subscription_id%5C%5C%5C%5C%5C%5C%5C%22%3A%5C%5C%5C%5C%5C%5C%5C%2206bf8afa-9fb8-4ec3-8aa9-bc930f11a2c6%5C%5C%5C%5C%5C%5C%5C%22%2C%5C%5C%5C%5C%5C%5C%5C%22feedback_id%5C%5C%5C%5C%5C%5C%5C%22%3A%5C%5C%5C%5C%5C%5C%5C%221087668424656495%5C%5C%5C%5C%5C%5C%5C%22%7D%5C%5C%5C%22%7D%5C%22%7D%22%2C%22locale%22%3A%22en_US%22%7D%7D%2C%7B%22topic%22%3A%22gqls%2Ffeedback_like_subscribe%2Ffeedback_id_10201866712226826%22%2C%22state%22%3A%22s%22%2C%22context%22%3A%7B%22transformContext%22%3A%22%7B%5C%22viewerID%5C%22%3A%5C%22100003276413354%5C%22%2C%5C%22appID%5C%22%3A155160167952447%2C%5C%22locale%5C%22%3A%5C%22en_US%5C%22%2C%5C%22queryID%5C%22%3A%5C%22836675693134221%5C%22%2C%5C%22serializedQueryParameters%5C%22%3A%5C%22%7B%5C%5C%5C%22input%5C%5C%5C%22%3A%5C%5C%5C%22%7B%5C%5C%5C%5C%5C%5C%5C%22client_subscription_id%5C%5C%5C%5C%5C%5C%5C%22%3A%5C%5C%5C%5C%5C%5C%5C%22e68d4dc0-920d-4445-a64e-c8f7978be50e%5C%5C%5C%5C%5C%5C%5C%22%2C%5C%5C%5C%5C%5C%5C%5C%22feedback_id%5C%5C%5C%5C%5C%5C%5C%22%3A%5C%5C%5C%5C%5C%5C%5C%2210201866712226826%5C%5C%5C%5C%5C%5C%5C%22%7D%5C%5C%5C%22%7D%5C%22%7D%22%2C%22locale%22%3A%22en_US%22%7D%7D%2C%7B%22topic%22%3A%22gqls%2Fcomment_create_subscribe%2Ftop_level_feedback_id_10201866712226826%22%2C%22state%22%3A%22s%22%2C%22context%22%3A%7B%22transformContext%22%3A%22%7B%5C%22viewerID%5C%22%3A%5C%22100003276413354%5C%22%2C%5C%22appID%5C%22%3A155160167952447%2C%5C%22locale%5C%22%3A%5C%22en_US%5C%22%2C%5C%22queryID%5C%22%3A%5C%22829607047174419%5C%22%2C%5C%22serializedQueryParameters%5C%22%3A%5C%22%7B%5C%5C%5C%22input%5C%5C%5C%22%3A%5C%5C%5C%22%7B%5C%5C%5C%5C%5C%5C%5C%22client_subscription_id%5C%5C%5C%5C%5C%5C%5C%22%3A%5C%5C%5C%5C%5C%5C%5C%227df85a74-b72d-4fec-93d4-29d358ef861d%5C%5C%5C%5C%5C%5C%5C%22%2C%5C%5C%5C%5C%5C%5C%5C%22feedback_id%5C%5C%5C%5C%5C%5C%5C%22%3A%5C%5C%5C%5C%5C%5C%5C%2210201866712226826%5C%5C%5C%5C%5C%5C%5C%22%7D%5C%5C%5C%22%7D%5C%22%7D%22%2C%22locale%22%3A%22en_US%22%7D%7D%2C%7B%22topic%22%3A%22gqls%2Fcomment_like_subscribe%2Ftop_level_feedback_id_10201866712226826%22%2C%22state%22%3A%22s%22%2C%22context%22%3A%7B%22transformContext%22%3A%22%7B%5C%22viewerID%5C%22%3A%5C%22100003276413354%5C%22%2C%5C%22appID%5C%22%3A155160167952447%2C%5C%22locale%5C%22%3A%5C%22en_US%5C%22%2C%5C%22queryID%5C%22%3A%5C%22829607060507751%5C%22%2C%5C%22serializedQueryParameters%5C%22%3A%5C%22%7B%5C%5C%5C%22input%5C%5C%5C%22%3A%5C%5C%5C%22%7B%5C%5C%5C%5C%5C%5C%5C%22client_subscription_id%5C%5C%5C%5C%5C%5C%5C%22%3A%5C%5C%5C%5C%5C%5C%5C%22eb9c4fef-62a9-4b2f-bffe-da42a1abe7ea%5C%5C%5C%5C%5C%5C%5C%22%2C%5C%5C%5C%5C%5C%5C%5C%22top_level_feedback_id%5C%5C%5C%5C%5C%5C%5C%22%3A%5C%5C%5C%5C%5C%5C%5C%2210201866712226826%5C%5C%5C%5C%5C%5C%5C%22%7D%5C%5C%5C%22%7D%5C%22%7D%22%2C%22locale%22%3A%22en_US%22%7D%7D%2C%7B%22topic%22%3A%22gqls%2Ffeedback_typing_subscribe%2Ffeedback_id_10201866712226826%22%2C%22state%22%3A%22s%22%2C%22context%22%3A%7B%22transformContext%22%3A%22%7B%5C%22viewerID%5C%22%3A%5C%22100003276413354%5C%22%2C%5C%22appID%5C%22%3A155160167952447%2C%5C%22locale%5C%22%3A%5C%22en_US%5C%22%2C%5C%22queryID%5C%22%3A%5C%22829607063841084%5C%22%2C%5C%22serializedQueryParameters%5C%22%3A%5C%22%7B%5C%5C%5C%22input%5C%5C%5C%22%3A%5C%5C%5C%22%7B%5C%5C%5C%5C%5C%5C%5C%22client_subscription_id%5C%5C%5C%5C%5C%5C%5C%22%3A%5C%5C%5C%5C%5C%5C%5C%2217b1d354-bc0d-4c09-8843-4461d1634fc9%5C%5C%5C%5C%5C%5C%5C%22%2C%5C%5C%5C%5C%5C%5C%5C%22feedback_id%5C%5C%5C%5C%5C%5C%5C%22%3A%5C%5C%5C%5C%5C%5C%5C%2210201866712226826%5C%5C%5C%5C%5C%5C%5C%22%7D%5C%5C%5C%22%7D%5C%22%7D%22%2C%22locale%22%3A%22en_US%22%7D%7D%2C%7B%22topic%22%3A%22gqls%2Ffeedback_like_subscribe%2Ffeedback_id_1086061071484127%22%2C%22state%22%3A%22s%22%2C%22context%22%3A%7B%22transformContext%22%3A%22%7B%5C%22viewerID%5C%22%3A%5C%22100003276413354%5C%22%2C%5C%22appID%5C%22%3A155160167952447%2C%5C%22locale%5C%22%3A%5C%22en_US%5C%22%2C%5C%22queryID%5C%22%3A%5C%22836675693134221%5C%22%2C%5C%22serializedQueryParameters%5C%22%3A%5C%22%7B%5C%5C%5C%22input%5C%5C%5C%22%3A%5C%5C%5C%22%7B%5C%5C%5C%5C%5C%5C%5C%22client_subscription_id%5C%5C%5C%5C%5C%5C%5C%22%3A%5C%5C%5C%5C%5C%5C%5C%222dcd1621-e75f-462d-b4f3-04e4686845e6%5C%5C%5C%5C%5C%5C%5C%22%2C%5C%5C%5C%5C%5C%5C%5C%22feedback_id%5C%5C%5C%5C%5C%5C%5C%22%3A%5C%5C%5C%5C%5C%5C%5C%221086061071484127%5C%5C%5C%5C%5C%5C%5C%22%7D%5C%5C%5C%22%7D%5C%22%7D%22%2C%22locale%22%3A%22en_US%22%7D%7D%2C%7B%22topic%22%3A%22gqls%2Fcomment_create_subscribe%2Ftop_level_feedback_id_1086061071484127%22%2C%22state%22%3A%22s%22%2C%22context%22%3A%7B%22transformContext%22%3A%22%7B%5C%22viewerID%5C%22%3A%5C%22100003276413354%5C%22%2C%5C%22appID%5C%22%3A155160167952447%2C%5C%22locale%5C%22%3A%5C%22en_US%5C%22%2C%5C%22queryID%5C%22%3A%5C%22829607047174419%5C%22%2C%5C%22serializedQueryParameters%5C%22%3A%5C%22%7B%5C%5C%5C%22input%5C%5C%5C%22%3A%5C%5C%5C%22%7B%5C%5C%5C%5C%5C%5C%5C%22client_subscription_id%5C%5C%5C%5C%5C%5C%5C%22%3A%5C%5C%5C%5C%5C%5C%5C%222ac39dce-b8d9-4fdf-98c1-c3904aa93c26%5C%5C%5C%5C%5C%5C%5C%22%2C%5C%5C%5C%5C%5C%5C%5C%22feedback_id%5C%5C%5C%5C%5C%5C%5C%22%3A%5C%5C%5C%5C%5C%5C%5C%221086061071484127%5C%5C%5C%5C%5C%5C%5C%22%7D%5C%5C%5C%22%7D%5C%22%7D%22%2C%22locale%22%3A%22en_US%22%7D%7D%2C%7B%22topic%22%3A%22gqls%2Fcomment_like_subscribe%2Ftop_level_feedback_id_1086061071484127%22%2C%22state%22%3A%22s%22%2C%22context%22%3A%7B%22transformContext%22%3A%22%7B%5C%22viewerID%5C%22%3A%5C%22100003276413354%5C%22%2C%5C%22appID%5C%22%3A155160167952447%2C%5C%22locale%5C%22%3A%5C%22en_US%5C%22%2C%5C%22queryID%5C%22%3A%5C%22829607060507751%5C%22%2C%5C%22serializedQueryParameters%5C%22%3A%5C%22%7B%5C%5C%5C%22input%5C%5C%5C%22%3A%5C%5C%5C%22%7B%5C%5C%5C%5C%5C%5C%5C%22client_subscription_id%5C%5C%5C%5C%5C%5C%5C%22%3A%5C%5C%5C%5C%5C%5C%5C%2203fa598d-c6c2-4d3e-af45-78467472e715%5C%5C%5C%5C%5C%5C%5C%22%2C%5C%5C%5C%5C%5C%5C%5C%22top_level_feedback_id%5C%5C%5C%5C%5C%5C%5C%22%3A%5C%5C%5C%5C%5C%5C%5C%221086061071484127%5C%5C%5C%5C%5C%5C%5C%22%7D%5C%5C%5C%22%7D%5C%22%7D%22%2C%22locale%22%3A%22en_US%22%7D%7D%2C%7B%22topic%22%3A%22gqls%2Ffeedback_typing_subscribe%2Ffeedback_id_1086061071484127%22%2C%22state%22%3A%22s%22%2C%22context%22%3A%7B%22transformContext%22%3A%22%7B%5C%22viewerID%5C%22%3A%5C%22100003276413354%5C%22%2C%5C%22appID%5C%22%3A155160167952447%2C%5C%22locale%5C%22%3A%5C%22en_US%5C%22%2C%5C%22queryID%5C%22%3A%5C%22829607063841084%5C%22%2C%5C%22serializedQueryParameters%5C%22%3A%5C%22%7B%5C%5C%5C%22input%5C%5C%5C%22%3A%5C%5C%5C%22%7B%5C%5C%5C%5C%5C%5C%5C%22client_subscription_id%5C%5C%5C%5C%5C%5C%5C%22%3A%5C%5C%5C%5C%5C%5C%5C%22f4466692-d76b-4d5c-8abd-a60191bb5fd3%5C%5C%5C%5C%5C%5C%5C%22%2C%5C%5C%5C%5C%5C%5C%5C%22feedback_id%5C%5C%5C%5C%5C%5C%5C%22%3A%5C%5C%5C%5C%5C%5C%5C%221086061071484127%5C%5C%5C%5C%5C%5C%5C%22%7D%5C%5C%5C%22%7D%5C%22%7D%22%2C%22locale%22%3A%22en_US%22%7D%7D]%7DHTTP/1.1 200 OK
Cache-Control: private, no-store, no-cache, must-revalidate
Pragma: no-cache
Content-Type: application/json
Date: Thu, 1 Sep 2016 16:46:40 GMT
Access-Control-Allow-Origin: https://www.facebook.com
Access-Control-Allow-Credentials: true
Connection: keep-alive
Content-Length: 22

for (;;); {"t":"pong"}POST /sub?cb=2rxj&sticky_token=9&uid=100003276413354&viewer_uid=100003276413354&sticky_pool=frc3c09_chat-proxy&profile=desktop&clientid=1c0f386e&cap=8 HTTP/1.1
Host: 1-edge-chat.facebook.com
User-Agent: Mozilla/5.0 (X11; Ubuntu; Linux x86_64; rv:48.0) Gecko/20100101 Firefox/48.0
Accept: text/html,application/xhtml+xml,application/xml;q=0.9,*/*;q=0.8
Accept-Language: en-US,en;q=0.5
Content-Type: application/x-www-form-urlencoded
Referer: https://www.facebook.com/
Content-Length: 3248
Origin: https://www.facebook.com
Cookie: fr=0MOqR1OCOekKZQYAS.AWXg2gJYY1kUHlNtvo_KNuNtGIA.BXgBBn.FE.AAA.1.0.BXyFtv.AWXOZxb6; datr=ZxCAV6kjCnzLOMoeu_PrntKo; sb=hRCAV8xw15gqDeP_9T3MGqCb; c_user=100003276413354; xs=168%3Aco6xMh0Yt2QaUw%3A2%3A1468010630%3A1560; csm=2; s=Aa7e8csgCHCTBbh2.BXgBCG; pl=n; lu=ggFiE5V3PbZprekxjQ1rF4nA; p=-2; presence=EDvF3EtimeF1472748396EuserFA21B03276413354A2EstateFDt2F_5b_5dElm2FnullEuct2F1472747785BEtrFnullEtwF2891128086EatF1472748395887G472748396296CEchFDp_5f1B03276413354F3CC; act=1472748395925%2F9
Connection: keep-alive

=%7B%22subscriptions%22%3A[%7B%22topic%22%3A%22gqls%2Ffeedback_like_subscribe%2Ffeedback_id_10210560693276249%22%2C%22state%22%3A%22s%22%2C%22context%22%3A%7B%22transformContext%22%3A%22%7B%5C%22viewerID%5C%22%3A%5C%22100003276413354%5C%22%2C%5C%22appID%5C%22%3A155160167952447%2C%5C%22locale%5C%22%3A%5C%22en_US%5C%22%2C%5C%22queryID%5C%22%3A%5C%22836675693134221%5C%22%2C%5C%22serializedQueryParameters%5C%22%3A%5C%22%7B%5C%5C%5C%22input%5C%5C%5C%22%3A%5C%5C%5C%22%7B%5C%5C%5C%5C%5C%5C%5C%22client_subscription_id%5C%5C%5C%5C%5C%5C%5C%22%3A%5C%5C%5C%5C%5C%5C%5C%22e80b11a5-9722-48cb-a8a6-fe6b280a2f92%5C%5C%5C%5C%5C%5C%5C%22%2C%5C%5C%5C%5C%5C%5C%5C%22feedback_id%5C%5C%5C%5C%5C%5C%5C%22%3A%5C%5C%5C%5C%5C%5C%5C%2210210560693276249%5C%5C%5C%5C%5C%5C%5C%22%7D%5C%5C%5C%22%7D%5C%22%7D%22%2C%22locale%22%3A%22en_US%22%7D%7D%2C%7B%22topic%22%3A%22gqls%2Fcomment_create_subscribe%2Ftop_level_feedback_id_10210560693276249%22%2C%22state%22%3A%22s%22%2C%22context%22%3A%7B%22transformContext%22%3A%22%7B%5C%22viewerID%5C%22%3A%5C%22100003276413354%5C%22%2C%5C%22appID%5C%22%3A155160167952447%2C%5C%22locale%5C%22%3A%5C%22en_US%5C%22%2C%5C%22queryID%5C%22%3A%5C%22829607047174419%5C%22%2C%5C%22serializedQueryParameters%5C%22%3A%5C%22%7B%5C%5C%5C%22input%5C%5C%5C%22%3A%5C%5C%5C%22%7B%5C%5C%5C%5C%5C%5C%5C%22client_subscription_id%5C%5C%5C%5C%5C%5C%5C%22%3A%5C%5C%5C%5C%5C%5C%5C%22faf65c8d-3741-4f52-90ce-206e0c8df789%5C%5C%5C%5C%5C%5C%5C%22%2C%5C%5C%5C%5C%5C%5C%5C%22feedback_id%5C%5C%5C%5C%5C%5C%5C%22%3A%5C%5C%5C%5C%5C%5C%5C%2210210560693276249%5C%5C%5C%5C%5C%5C%5C%22%7D%5C%5C%5C%22%7D%5C%22%7D%22%2C%22locale%22%3A%22en_US%22%7D%7D%2C%7B%22topic%22%3A%22gqls%2Fcomment_like_subscribe%2Ftop_level_feedback_id_10210560693276249%22%2C%22state%22%3A%22s%22%2C%22context%22%3A%7B%22transformContext%22%3A%22%7B%5C%22viewerID%5C%22%3A%5C%22100003276413354%5C%22%2C%5C%22appID%5C%22%3A155160167952447%2C%5C%22locale%5C%22%3A%5C%22en_US%5C%22%2C%5C%22queryID%5C%22%3A%5C%22829607060507751%5C%22%2C%5C%22serializedQueryParameters%5C%22%3A%5C%22%7B%5C%5C%5C%22input%5C%5C%5C%22%3A%5C%5C%5C%22%7B%5C%5C%5C%5C%5C%5C%5C%22client_subscription_id%5C%5C%5C%5C%5C%5C%5C%22%3A%5C%5C%5C%5C%5C%5C%5C%223da97b00-23c0-449d-a7ce-435e6bac64c7%5C%5C%5C%5C%5C%5C%5C%22%2C%5C%5C%5C%5C%5C%5C%5C%22top_level_feedback_id%5C%5C%5C%5C%5C%5C%5C%22%3A%5C%5C%5C%5C%5C%5C%5C%2210210560693276249%5C%5C%5C%5C%5C%5C%5C%22%7D%5C%5C%5C%22%7D%5C%22%7D%22%2C%22locale%22%3A%22en_US%22%7D%7D%2C%7B%22topic%22%3A%22gqls%2Ffeedback_typing_subscribe%2Ffeedback_id_10210560693276249%22%2C%22state%22%3A%22s%22%2C%22context%22%3A%7B%22transformContext%22%3A%22%7B%5C%22viewerID%5C%22%3A%5C%22100003276413354%5C%22%2C%5C%22appID%5C%22%3A155160167952447%2C%5C%22locale%5C%22%3A%5C%22en_US%5C%22%2C%5C%22queryID%5C%22%3A%5C%22829607063841084%5C%22%2C%5C%22serializedQueryParameters%5C%22%3A%5C%22%7B%5C%5C%5C%22input%5C%5C%5C%22%3A%5C%5C%5C%22%7B%5C%5C%5C%5C%5C%5C%5C%22client_subscription_id%5C%5C%5C%5C%5C%5C%5C%22%3A%5C%5C%5C%5C%5C%5C%5C%22280884d1-e3d2-4606-8e39-5a08c093c750%5C%5C%5C%5C%5C%5C%5C%22%2C%5C%5C%5C%5C%5C%5C%5C%22feedback_id%5C%5C%5C%5C%5C%5C%5C%22%3A%5C%5C%5C%5C%5C%5C%5C%2210210560693276249%5C%5C%5C%5C%5C%5C%5C%22%7D%5C%5C%5C%22%7D%5C%22%7D%22%2C%22locale%22%3A%22en_US%22%7D%7D]%7DHTTP/1.1 200 OK
Cache-Control: private, no-store, no-cache, must-revalidate
Pragma: no-cache
Content-Type: application/json
Date: Thu, 1 Sep 2016 16:46:40 GMT
Access-Control-Allow-Origin: https://www.facebook.com
Access-Control-Allow-Credentials: true
Connection: keep-alive
Content-Length: 22

for (;;); {"t":"pong"}POST /sub?cb=jz9k&sticky_token=9&uid=100003276413354&viewer_uid=100003276413354&sticky_pool=frc3c09_chat-proxy&profile=desktop&clientid=1c0f386e&cap=8&reset=t HTTP/1.1
Host: 1-edge-chat.facebook.com
User-Agent: Mozilla/5.0 (X11; Ubuntu; Linux x86_64; rv:48.0) Gecko/20100101 Firefox/48.0
Accept: text/html,application/xhtml+xml,application/xml;q=0.9,*/*;q=0.8
Accept-Language: en-US,en;q=0.5
Content-Type: application/x-www-form-urlencoded
Referer: https://www.facebook.com/
Content-Length: 821
Origin: https://www.facebook.com
Cookie: fr=0MOqR1OCOekKZQYAS.AWXg2gJYY1kUHlNtvo_KNuNtGIA.BXgBBn.FE.AAA.1.0.BXyFtv.AWXOZxb6; datr=ZxCAV6kjCnzLOMoeu_PrntKo; sb=hRCAV8xw15gqDeP_9T3MGqCb; c_user=100003276413354; xs=168%3Aco6xMh0Yt2QaUw%3A2%3A1468010630%3A1560; csm=2; s=Aa7e8csgCHCTBbh2.BXgBCG; pl=n; lu=ggFiE5V3PbZprekxjQ1rF4nA; p=-2; presence=EDvF3EtimeF1472748396EuserFA21B03276413354A2EstateFDt2F_5b_5dElm2FnullEuct2F1472747785BEtrFnullEtwF2891128086EatF1472748395887G472748396296CEchFDp_5f1B03276413354F3CC; act=1472748402488%2F12
Connection: keep-alive

=%7B%22subscriptions%22%3A[%7B%22topic%22%3A%22gqls%2Ffeedback_like_subscribe%2Ffeedback_id_852260821559790%22%2C%22state%22%3A%22s%22%2C%22context%22%3A%7B%22transformContext%22%3A%22%7B%5C%22viewerID%5C%22%3A%5C%22100003276413354%5C%22%2C%5C%22appID%5C%22%3A155160167952447%2C%5C%22locale%5C%22%3A%5C%22en_US%5C%22%2C%5C%22queryID%5C%22%3A%5C%22836675693134221%5C%22%2C%5C%22serializedQueryParameters%5C%22%3A%5C%22%7B%5C%5C%5C%22input%5C%5C%5C%22%3A%5C%5C%5C%22%7B%5C%5C%5C%5C%5C%5C%5C%22client_subscription_id%5C%5C%5C%5C%5C%5C%5C%22%3A%5C%5C%5C%5C%5C%5C%5C%2222ec1735-fa20-460d-b508-23749319e9dc%5C%5C%5C%5C%5C%5C%5C%22%2C%5C%5C%5C%5C%5C%5C%5C%22feedback_id%5C%5C%5C%5C%5C%5C%5C%22%3A%5C%5C%5C%5C%5C%5C%5C%22852260821559790%5C%5C%5C%5C%5C%5C%5C%22%7D%5C%5C%5C%22%7D%5C%22%7D%22%2C%22locale%22%3A%22en_US%22%7D%7D]%7DHTTP/1.1 200 OK
Cache-Control: private, no-store, no-cache, must-revalidate
Pragma: no-cache
Content-Type: application/json
Date: Thu, 1 Sep 2016 16:46:43 GMT
Access-Control-Allow-Origin: https://www.facebook.com
Access-Control-Allow-Credentials: true
Connection: keep-alive
Content-Length: 22

for (;;); {"t":"pong"}POST /sub?cb=iba1&sticky_token=9&uid=100003276413354&viewer_uid=100003276413354&sticky_pool=frc3c09_chat-proxy&profile=desktop&clientid=1c0f386e&cap=8 HTTP/1.1
Host: 1-edge-chat.facebook.com
User-Agent: Mozilla/5.0 (X11; Ubuntu; Linux x86_64; rv:48.0) Gecko/20100101 Firefox/48.0
Accept: text/html,application/xhtml+xml,application/xml;q=0.9,*/*;q=0.8
Accept-Language: en-US,en;q=0.5
Content-Type: application/x-www-form-urlencoded
Referer: https://www.facebook.com/
Content-Length: 18459
Origin: https://www.facebook.com
Cookie: fr=0MOqR1OCOekKZQYAS.AWXg2gJYY1kUHlNtvo_KNuNtGIA.BXgBBn.FE.AAA.1.0.BXyFtv.AWXOZxb6; datr=ZxCAV6kjCnzLOMoeu_PrntKo; sb=hRCAV8xw15gqDeP_9T3MGqCb; c_user=100003276413354; xs=168%3Aco6xMh0Yt2QaUw%3A2%3A1468010630%3A1560; csm=2; s=Aa7e8csgCHCTBbh2.BXgBCG; pl=n; lu=ggFiE5V3PbZprekxjQ1rF4nA; p=-2; presence=EDvF3EtimeF1472748396EuserFA21B03276413354A2EstateFDt2F_5b_5dElm2FnullEuct2F1472747785BEtrFnullEtwF2891128086EatF1472748395887G472748396296CEchFDp_5f1B03276413354F3CC; act=1472748402488%2F12
Connection: keep-alive

=%7B%22subscriptions%22%3A[%7B%22topic%22%3A%22gqls%2Fcomment_create_subscribe%2Ftop_level_feedback_id_852260821559790%22%2C%22state%22%3A%22s%22%2C%22context%22%3A%7B%22transformContext%22%3A%22%7B%5C%22viewerID%5C%22%3A%5C%22100003276413354%5C%22%2C%5C%22appID%5C%22%3A155160167952447%2C%5C%22locale%5C%22%3A%5C%22en_US%5C%22%2C%5C%22queryID%5C%22%3A%5C%22829607047174419%5C%22%2C%5C%22serializedQueryParameters%5C%22%3A%5C%22%7B%5C%5C%5C%22input%5C%5C%5C%22%3A%5C%5C%5C%22%7B%5C%5C%5C%5C%5C%5C%5C%22client_subscription_id%5C%5C%5C%5C%5C%5C%5C%22%3A%5C%5C%5C%5C%5C%5C%5C%22e0fcadee-d352-46ff-a9ba-56277c6b6c9b%5C%5C%5C%5C%5C%5C%5C%22%2C%5C%5C%5C%5C%5C%5C%5C%22feedback_id%5C%5C%5C%5C%5C%5C%5C%22%3A%5C%5C%5C%5C%5C%5C%5C%22852260821559790%5C%5C%5C%5C%5C%5C%5C%22%7D%5C%5C%5C%22%7D%5C%22%7D%22%2C%22locale%22%3A%22en_US%22%7D%7D%2C%7B%22topic%22%3A%22gqls%2Fcomment_like_subscribe%2Ftop_level_feedback_id_852260821559790%22%2C%22state%22%3A%22s%22%2C%22context%22%3A%7B%22transformContext%22%3A%22%7B%5C%22viewerID%5C%22%3A%5C%22100003276413354%5C%22%2C%5C%22appID%5C%22%3A155160167952447%2C%5C%22locale%5C%22%3A%5C%22en_US%5C%22%2C%5C%22queryID%5C%22%3A%5C%22829607060507751%5C%22%2C%5C%22serializedQueryParameters%5C%22%3A%5C%22%7B%5C%5C%5C%22input%5C%5C%5C%22%3A%5C%5C%5C%22%7B%5C%5C%5C%5C%5C%5C%5C%22client_subscription_id%5C%5C%5C%5C%5C%5C%5C%22%3A%5C%5C%5C%5C%5C%5C%5C%22f24fae85-801b-4035-a052-d35499536378%5C%5C%5C%5C%5C%5C%5C%22%2C%5C%5C%5C%5C%5C%5C%5C%22top_level_feedback_id%5C%5C%5C%5C%5C%5C%5C%22%3A%5C%5C%5C%5C%5C%5C%5C%22852260821559790%5C%5C%5C%5C%5C%5C%5C%22%7D%5C%5C%5C%22%7D%5C%22%7D%22%2C%22locale%22%3A%22en_US%22%7D%7D%2C%7B%22topic%22%3A%22gqls%2Ffeedback_typing_subscribe%2Ffeedback_id_852260821559790%22%2C%22state%22%3A%22s%22%2C%22context%22%3A%7B%22transformContext%22%3A%22%7B%5C%22viewerID%5C%22%3A%5C%22100003276413354%5C%22%2C%5C%22appID%5C%22%3A155160167952447%2C%5C%22locale%5C%22%3A%5C%22en_US%5C%22%2C%5C%22queryID%5C%22%3A%5C%22829607063841084%5C%22%2C%5C%22serializedQueryParameters%5C%22%3A%5C%22%7B%5C%5C%5C%22input%5C%5C%5C%22%3A%5C%5C%5C%22%7B%5C%5C%5C%5C%5C%5C%5C%22client_subscription_id%5C%5C%5C%5C%5C%5C%5C%22%3A%5C%5C%5C%5C%5C%5C%5C%22f45a94f1-f446-4e6b-9b25-c7ad982dfc82%5C%5C%5C%5C%5C%5C%5C%22%2C%5C%5C%5C%5C%5C%5C%5C%22feedback_id%5C%5C%5C%5C%5C%5C%5C%22%3A%5C%5C%5C%5C%5C%5C%5C%22852260821559790%5C%5C%5C%5C%5C%5C%5C%22%7D%5C%5C%5C%22%7D%5C%22%7D%22%2C%22locale%22%3A%22en_US%22%7D%7D%2C%7B%22topic%22%3A%22gqls%2Ffeedback_like_subscribe%2Ffeedback_id_984886868297184%22%2C%22state%22%3A%22s%22%2C%22context%22%3A%7B%22transformContext%22%3A%22%7B%5C%22viewerID%5C%22%3A%5C%22100003276413354%5C%22%2C%5C%22appID%5C%22%3A155160167952447%2C%5C%22locale%5C%22%3A%5C%22en_US%5C%22%2C%5C%22queryID%5C%22%3A%5C%22836675693134221%5C%22%2C%5C%22serializedQueryParameters%5C%22%3A%5C%22%7B%5C%5C%5C%22input%5C%5C%5C%22%3A%5C%5C%5C%22%7B%5C%5C%5C%5C%5C%5C%5C%22client_subscription_id%5C%5C%5C%5C%5C%5C%5C%22%3A%5C%5C%5C%5C%5C%5C%5C%2282a01fcd-e332-4e4c-b480-611442bbda9e%5C%5C%5C%5C%5C%5C%5C%22%2C%5C%5C%5C%5C%5C%5C%5C%22feedback_id%5C%5C%5C%5C%5C%5C%5C%22%3A%5C%5C%5C%5C%5C%5C%5C%22984886868297184%5C%5C%5C%5C%5C%5C%5C%22%7D%5C%5C%5C%22%7D%5C%22%7D%22%2C%22locale%22%3A%22en_US%22%7D%7D%2C%7B%22topic%22%3A%22gqls%2Fcomment_create_subscribe%2Ftop_level_feedback_id_984886868297184%22%2C%22state%22%3A%22s%22%2C%22context%22%3A%7B%22transformContext%22%3A%22%7B%5C%22viewerID%5C%22%3A%5C%22100003276413354%5C%22%2C%5C%22appID%5C%22%3A155160167952447%2C%5C%22locale%5C%22%3A%5C%22en_US%5C%22%2C%5C%22queryID%5C%22%3A%5C%22829607047174419%5C%22%2C%5C%22serializedQueryParameters%5C%22%3A%5C%22%7B%5C%5C%5C%22input%5C%5C%5C%22%3A%5C%5C%5C%22%7B%5C%5C%5C%5C%5C%5C%5C%22client_subscription_id%5C%5C%5C%5C%5C%5C%5C%22%3A%5C%5C%5C%5C%5C%5C%5C%2220f7d080-cd7a-4ef6-a1e8-916efa0ee3d6%5C%5C%5C%5C%5C%5C%5C%22%2C%5C%5C%5C%5C%5C%5C%5C%22feedback_id%5C%5C%5C%5C%5C%5C%5C%22%3A%5C%5C%5C%5C%5C%5C%5C%22984886868297184%5C%5C%5C%5C%5C%5C%5C%22%7D%5C%5C%5C%22%7D%5C%22%7D%22%2C%22locale%22%3A%22en_US%22%7D%7D%2C%7B%22topic%22%3A%22gqls%2Fcomment_like_subscribe%2Ftop_level_feedback_id_984886868297184%22%2C%22state%22%3A%22s%22%2C%22context%22%3A%7B%22transformContext%22%3A%22%7B%5C%22viewerID%5C%22%3A%5C%22100003276413354%5C%22%2C%5C%22appID%5C%22%3A155160167952447%2C%5C%22locale%5C%22%3A%5C%22en_US%5C%22%2C%5C%22queryID%5C%22%3A%5C%22829607060507751%5C%22%2C%5C%22serializedQueryParameters%5C%22%3A%5C%22%7B%5C%5C%5C%22input%5C%5C%5C%22%3A%5C%5C%5C%22%7B%5C%5C%5C%5C%5C%5C%5C%22client_subscription_id%5C%5C%5C%5C%5C%5C%5C%22%3A%5C%5C%5C%5C%5C%5C%5C%22c4edef96-ee4c-4887-97f0-138ba9a4ab0a%5C%5C%5C%5C%5C%5C%5C%22%2C%5C%5C%5C%5C%5C%5C%5C%22top_level_feedback_id%5C%5C%5C%5C%5C%5C%5C%22%3A%5C%5C%5C%5C%5C%5C%5C%22984886868297184%5C%5C%5C%5C%5C%5C%5C%22%7D%5C%5C%5C%22%7D%5C%22%7D%22%2C%22locale%22%3A%22en_US%22%7D%7D%2C%7B%22topic%22%3A%22gqls%2Ffeedback_typing_subscribe%2Ffeedback_id_984886868297184%22%2C%22state%22%3A%22s%22%2C%22context%22%3A%7B%22transformContext%22%3A%22%7B%5C%22viewerID%5C%22%3A%5C%22100003276413354%5C%22%2C%5C%22appID%5C%22%3A155160167952447%2C%5C%22locale%5C%22%3A%5C%22en_US%5C%22%2C%5C%22queryID%5C%22%3A%5C%22829607063841084%5C%22%2C%5C%22serializedQueryParameters%5C%22%3A%5C%22%7B%5C%5C%5C%22input%5C%5C%5C%22%3A%5C%5C%5C%22%7B%5C%5C%5C%5C%5C%5C%5C%22client_subscription_id%5C%5C%5C%5C%5C%5C%5C%22%3A%5C%5C%5C%5C%5C%5C%5C%2297a00086-22aa-4083-b5dd-038f1be89f00%5C%5C%5C%5C%5C%5C%5C%22%2C%5C%5C%5C%5C%5C%5C%5C%22feedback_id%5C%5C%5C%5C%5C%5C%5C%22%3A%5C%5C%5C%5C%5C%5C%5C%22984886868297184%5C%5C%5C%5C%5C%5C%5C%22%7D%5C%5C%5C%22%7D%5C%22%7D%22%2C%22locale%22%3A%22en_US%22%7D%7D%2C%7B%22topic%22%3A%22gqls%2Ffeedback_like_subscribe%2Ffeedback_id_984520465000491%22%2C%22state%22%3A%22s%22%2C%22context%22%3A%7B%22transformContext%22%3A%22%7B%5C%22viewerID%5C%22%3A%5C%22100003276413354%5C%22%2C%5C%22appID%5C%22%3A155160167952447%2C%5C%22locale%5C%22%3A%5C%22en_US%5C%22%2C%5C%22queryID%5C%22%3A%5C%22836675693134221%5C%22%2C%5C%22serializedQueryParameters%5C%22%3A%5C%22%7B%5C%5C%5C%22input%5C%5C%5C%22%3A%5C%5C%5C%22%7B%5C%5C%5C%5C%5C%5C%5C%22client_subscription_id%5C%5C%5C%5C%5C%5C%5C%22%3A%5C%5C%5C%5C%5C%5C%5C%22c1628f5e-cc78-449c-9e97-1e3a9466128b%5C%5C%5C%5C%5C%5C%5C%22%2C%5C%5C%5C%5C%5C%5C%5C%22feedback_id%5C%5C%5C%5C%5C%5C%5C%22%3A%5C%5C%5C%5C%5C%5C%5C%22984520465000491%5C%5C%5C%5C%5C%5C%5C%22%7D%5C%5C%5C%22%7D%5C%22%7D%22%2C%22locale%22%3A%22en_US%22%7D%7D%2C%7B%22topic%22%3A%22gqls%2Fcomment_create_subscribe%2Ftop_level_feedback_id_984520465000491%22%2C%22state%22%3A%22s%22%2C%22context%22%3A%7B%22transformContext%22%3A%22%7B%5C%22viewerID%5C%22%3A%5C%22100003276413354%5C%22%2C%5C%22appID%5C%22%3A155160167952447%2C%5C%22locale%5C%22%3A%5C%22en_US%5C%22%2C%5C%22queryID%5C%22%3A%5C%22829607047174419%5C%22%2C%5C%22serializedQueryParameters%5C%22%3A%5C%22%7B%5C%5C%5C%22input%5C%5C%5C%22%3A%5C%5C%5C%22%7B%5C%5C%5C%5C%5C%5C%5C%22client_subscription_id%5C%5C%5C%5C%5C%5C%5C%22%3A%5C%5C%5C%5C%5C%5C%5C%229edac466-796c-4c18-8b31-bbabdea74dac%5C%5C%5C%5C%5C%5C%5C%22%2C%5C%5C%5C%5C%5C%5C%5C%22feedback_id%5C%5C%5C%5C%5C%5C%5C%22%3A%5C%5C%5C%5C%5C%5C%5C%22984520465000491%5C%5C%5C%5C%5C%5C%5C%22%7D%5C%5C%5C%22%7D%5C%22%7D%22%2C%22locale%22%3A%22en_US%22%7D%7D%2C%7B%22topic%22%3A%22gqls%2Fcomment_like_subscribe%2Ftop_level_feedback_id_984520465000491%22%2C%22state%22%3A%22s%22%2C%22context%22%3A%7B%22transformContext%22%3A%22%7B%5C%22viewerID%5C%22%3A%5C%22100003276413354%5C%22%2C%5C%22appID%5C%22%3A155160167952447%2C%5C%22locale%5C%22%3A%5C%22en_US%5C%22%2C%5C%22queryID%5C%22%3A%5C%22829607060507751%5C%22%2C%5C%22serializedQueryParameters%5C%22%3A%5C%22%7B%5C%5C%5C%22input%5C%5C%5C%22%3A%5C%5C%5C%22%7B%5C%5C%5C%5C%5C%5C%5C%22client_subscription_id%5C%5C%5C%5C%5C%5C%5C%22%3A%5C%5C%5C%5C%5C%5C%5C%227e06864f-9d20-431c-8df8-e90fb5ed8bb7%5C%5C%5C%5C%5C%5C%5C%22%2C%5C%5C%5C%5C%5C%5C%5C%22top_level_feedback_id%5C%5C%5C%5C%5C%5C%5C%22%3A%5C%5C%5C%5C%5C%5C%5C%22984520465000491%5C%5C%5C%5C%5C%5C%5C%22%7D%5C%5C%5C%22%7D%5C%22%7D%22%2C%22locale%22%3A%22en_US%22%7D%7D%2C%7B%22topic%22%3A%22gqls%2Ffeedback_typing_subscribe%2Ffeedback_id_984520465000491%22%2C%22state%22%3A%22s%22%2C%22context%22%3A%7B%22transformContext%22%3A%22%7B%5C%22viewerID%5C%22%3A%5C%22100003276413354%5C%22%2C%5C%22appID%5C%22%3A155160167952447%2C%5C%22locale%5C%22%3A%5C%22en_US%5C%22%2C%5C%22queryID%5C%22%3A%5C%22829607063841084%5C%22%2C%5C%22serializedQueryParameters%5C%22%3A%5C%22%7B%5C%5C%5C%22input%5C%5C%5C%22%3A%5C%5C%5C%22%7B%5C%5C%5C%5C%5C%5C%5C%22client_subscription_id%5C%5C%5C%5C%5C%5C%5C%22%3A%5C%5C%5C%5C%5C%5C%5C%22757f5d4d-7be7-4eef-9882-0895465dbbc9%5C%5C%5C%5C%5C%5C%5C%22%2C%5C%5C%5C%5C%5C%5C%5C%22feedback_id%5C%5C%5C%5C%5C%5C%5C%22%3A%5C%5C%5C%5C%5C%5C%5C%22984520465000491%5C%5C%5C%5C%5C%5C%5C%22%7D%5C%5C%5C%22%7D%5C%22%7D%22%2C%22locale%22%3A%22en_US%22%7D%7D%2C%7B%22topic%22%3A%22gqls%2Ffeedback_like_subscribe%2Ffeedback_id_984445521674652%22%2C%22state%22%3A%22s%22%2C%22context%22%3A%7B%22transformContext%22%3A%22%7B%5C%22viewerID%5C%22%3A%5C%22100003276413354%5C%22%2C%5C%22appID%5C%22%3A155160167952447%2C%5C%22locale%5C%22%3A%5C%22en_US%5C%22%2C%5C%22queryID%5C%22%3A%5C%22836675693134221%5C%22%2C%5C%22serializedQueryParameters%5C%22%3A%5C%22%7B%5C%5C%5C%22input%5C%5C%5C%22%3A%5C%5C%5C%22%7B%5C%5C%5C%5C%5C%5C%5C%22client_subscription_id%5C%5C%5C%5C%5C%5C%5C%22%3A%5C%5C%5C%5C%5C%5C%5C%22807bbc21-a08b-4cd8-805c-746071e5ebe5%5C%5C%5C%5C%5C%5C%5C%22%2C%5C%5C%5C%5C%5C%5C%5C%22feedback_id%5C%5C%5C%5C%5C%5C%5C%22%3A%5C%5C%5C%5C%5C%5C%5C%22984445521674652%5C%5C%5C%5C%5C%5C%5C%22%7D%5C%5C%5C%22%7D%5C%22%7D%22%2C%22locale%22%3A%22en_US%22%7D%7D%2C%7B%22topic%22%3A%22gqls%2Fcomment_create_subscribe%2Ftop_level_feedback_id_984445521674652%22%2C%22state%22%3A%22s%22%2C%22context%22%3A%7B%22transformContext%22%3A%22%7B%5C%22viewerID%5C%22%3A%5C%22100003276413354%5C%22%2C%5C%22appID%5C%22%3A155160167952447%2C%5C%22locale%5C%22%3A%5C%22en_US%5C%22%2C%5C%22queryID%5C%22%3A%5C%22829607047174419%5C%22%2C%5C%22serializedQueryParameters%5C%22%3A%5C%22%7B%5C%5C%5C%22input%5C%5C%5C%22%3A%5C%5C%5C%22%7B%5C%5C%5C%5C%5C%5C%5C%22client_subscription_id%5C%5C%5C%5C%5C%5C%5C%22%3A%5C%5C%5C%5C%5C%5C%5C%22a8c0c2d8-6d36-44a0-bd6b-de9a845fad17%5C%5C%5C%5C%5C%5C%5C%22%2C%5C%5C%5C%5C%5C%5C%5C%22feedback_id%5C%5C%5C%5C%5C%5C%5C%22%3A%5C%5C%5C%5C%5C%5C%5C%22984445521674652%5C%5C%5C%5C%5C%5C%5C%22%7D%5C%5C%5C%22%7D%5C%22%7D%22%2C%22locale%22%3A%22en_US%22%7D%7D%2C%7B%22topic%22%3A%22gqls%2Fcomment_like_subscribe%2Ftop_level_feedback_id_984445521674652%22%2C%22state%22%3A%22s%22%2C%22context%22%3A%7B%22transformContext%22%3A%22%7B%5C%22viewerID%5C%22%3A%5C%22100003276413354%5C%22%2C%5C%22appID%5C%22%3A155160167952447%2C%5C%22locale%5C%22%3A%5C%22en_US%5C%22%2C%5C%22queryID%5C%22%3A%5C%22829607060507751%5C%22%2C%5C%22serializedQueryParameters%5C%22%3A%5C%22%7B%5C%5C%5C%22input%5C%5C%5C%22%3A%5C%5C%5C%22%7B%5C%5C%5C%5C%5C%5C%5C%22client_subscription_id%5C%5C%5C%5C%5C%5C%5C%22%3A%5C%5C%5C%5C%5C%5C%5C%2299491016-f8d1-4628-a732-d9e7d66f4404%5C%5C%5C%5C%5C%5C%5C%22%2C%5C%5C%5C%5C%5C%5C%5C%22top_level_feedback_id%5C%5C%5C%5C%5C%5C%5C%22%3A%5C%5C%5C%5C%5C%5C%5C%22984445521674652%5C%5C%5C%5C%5C%5C%5C%22%7D%5C%5C%5C%22%7D%5C%22%7D%22%2C%22locale%22%3A%22en_US%22%7D%7D%2C%7B%22topic%22%3A%22gqls%2Ffeedback_typing_subscribe%2Ffeedback_id_984445521674652%22%2C%22state%22%3A%22s%22%2C%22context%22%3A%7B%22transformContext%22%3A%22%7B%5C%22viewerID%5C%22%3A%5C%22100003276413354%5C%22%2C%5C%22appID%5C%22%3A155160167952447%2C%5C%22locale%5C%22%3A%5C%22en_US%5C%22%2C%5C%22queryID%5C%22%3A%5C%22829607063841084%5C%22%2C%5C%22serializedQueryParameters%5C%22%3A%5C%22%7B%5C%5C%5C%22input%5C%5C%5C%22%3A%5C%5C%5C%22%7B%5C%5C%5C%5C%5C%5C%5C%22client_subscription_id%5C%5C%5C%5C%5C%5C%5C%22%3A%5C%5C%5C%5C%5C%5C%5C%22372a28c4-50fd-4b96-83c5-75285117181d%5C%5C%5C%5C%5C%5C%5C%22%2C%5C%5C%5C%5C%5C%5C%5C%22feedback_id%5C%5C%5C%5C%5C%5C%5C%22%3A%5C%5C%5C%5C%5C%5C%5C%22984445521674652%5C%5C%5C%5C%5C%5C%5C%22%7D%5C%5C%5C%22%7D%5C%22%7D%22%2C%22locale%22%3A%22en_US%22%7D%7D%2C%7B%22topic%22%3A%22gqls%2Ffeedback_like_subscribe%2Ffeedback_id_984440041675200%22%2C%22state%22%3A%22s%22%2C%22context%22%3A%7B%22transformContext%22%3A%22%7B%5C%22viewerID%5C%22%3A%5C%22100003276413354%5C%22%2C%5C%22appID%5C%22%3A155160167952447%2C%5C%22locale%5C%22%3A%5C%22en_US%5C%22%2C%5C%22queryID%5C%22%3A%5C%22836675693134221%5C%22%2C%5C%22serializedQueryParameters%5C%22%3A%5C%22%7B%5C%5C%5C%22input%5C%5C%5C%22%3A%5C%5C%5C%22%7B%5C%5C%5C%5C%5C%5C%5C%22client_subscription_id%5C%5C%5C%5C%5C%5C%5C%22%3A%5C%5C%5C%5C%5C%5C%5C%22eab440d8-c312-432e-ac40-26085bff5335%5C%5C%5C%5C%5C%5C%5C%22%2C%5C%5C%5C%5C%5C%5C%5C%22feedback_id%5C%5C%5C%5C%5C%5C%5C%22%3A%5C%5C%5C%5C%5C%5C%5C%22984440041675200%5C%5C%5C%5C%5C%5C%5C%22%7D%5C%5C%5C%22%7D%5C%22%7D%22%2C%22locale%22%3A%22en_US%22%7D%7D%2C%7B%22topic%22%3A%22gqls%2Fcomment_create_subscribe%2Ftop_level_feedback_id_984440041675200%22%2C%22state%22%3A%22s%22%2C%22context%22%3A%7B%22transformContext%22%3A%22%7B%5C%22viewerID%5C%22%3A%5C%22100003276413354%5C%22%2C%5C%22appID%5C%22%3A155160167952447%2C%5C%22locale%5C%22%3A%5C%22en_US%5C%22%2C%5C%22queryID%5C%22%3A%5C%22829607047174419%5C%22%2C%5C%22serializedQueryParameters%5C%22%3A%5C%22%7B%5C%5C%5C%22input%5C%5C%5C%22%3A%5C%5C%5C%22%7B%5C%5C%5C%5C%5C%5C%5C%22client_subscription_id%5C%5C%5C%5C%5C%5C%5C%22%3A%5C%5C%5C%5C%5C%5C%5C%222ed2ae34-6be1-4636-8810-8b4cd7ab4f27%5C%5C%5C%5C%5C%5C%5C%22%2C%5C%5C%5C%5C%5C%5C%5C%22feedback_id%5C%5C%5C%5C%5C%5C%5C%22%3A%5C%5C%5C%5C%5C%5C%5C%22984440041675200%5C%5C%5C%5C%5C%5C%5C%22%7D%5C%5C%5C%22%7D%5C%22%7D%22%2C%22locale%22%3A%22en_US%22%7D%7D%2C%7B%22topic%22%3A%22gqls%2Fcomment_like_subscribe%2Ftop_level_feedback_id_984440041675200%22%2C%22state%22%3A%22s%22%2C%22context%22%3A%7B%22transformContext%22%3A%22%7B%5C%22viewerID%5C%22%3A%5C%22100003276413354%5C%22%2C%5C%22appID%5C%22%3A155160167952447%2C%5C%22locale%5C%22%3A%5C%22en_US%5C%22%2C%5C%22queryID%5C%22%3A%5C%22829607060507751%5C%22%2C%5C%22serializedQueryParameters%5C%22%3A%5C%22%7B%5C%5C%5C%22input%5C%5C%5C%22%3A%5C%5C%5C%22%7B%5C%5C%5C%5C%5C%5C%5C%22client_subscription_id%5C%5C%5C%5C%5C%5C%5C%22%3A%5C%5C%5C%5C%5C%5C%5C%224f9e064b-611c-4692-91b5-759b2b9f5012%5C%5C%5C%5C%5C%5C%5C%22%2C%5C%5C%5C%5C%5C%5C%5C%22top_level_feedback_id%5C%5C%5C%5C%5C%5C%5C%22%3A%5C%5C%5C%5C%5C%5C%5C%22984440041675200%5C%5C%5C%5C%5C%5C%5C%22%7D%5C%5C%5C%22%7D%5C%22%7D%22%2C%22locale%22%3A%22en_US%22%7D%7D%2C%7B%22topic%22%3A%22gqls%2Ffeedback_typing_subscribe%2Ffeedback_id_984440041675200%22%2C%22state%22%3A%22s%22%2C%22context%22%3A%7B%22transformContext%22%3A%22%7B%5C%22viewerID%5C%22%3A%5C%22100003276413354%5C%22%2C%5C%22appID%5C%22%3A155160167952447%2C%5C%22locale%5C%22%3A%5C%22en_US%5C%22%2C%5C%22queryID%5C%22%3A%5C%22829607063841084%5C%22%2C%5C%22serializedQueryParameters%5C%22%3A%5C%22%7B%5C%5C%5C%22input%5C%5C%5C%22%3A%5C%5C%5C%22%7B%5C%5C%5C%5C%5C%5C%5C%22client_subscription_id%5C%5C%5C%5C%5C%5C%5C%22%3A%5C%5C%5C%5C%5C%5C%5C%220bc225a4-7cd6-473d-8aa5-e0146e3439f9%5C%5C%5C%5C%5C%5C%5C%22%2C%5C%5C%5C%5C%5C%5C%5C%22feedback_id%5C%5C%5C%5C%5C%5C%5C%22%3A%5C%5C%5C%5C%5C%5C%5C%22984440041675200%5C%5C%5C%5C%5C%5C%5C%22%7D%5C%5C%5C%22%7D%5C%22%7D%22%2C%22locale%22%3A%22en_US%22%7D%7D%2C%7B%22topic%22%3A%22gqls%2Ffeedback_like_subscribe%2Ffeedback_id_984436151675589%22%2C%22state%22%3A%22s%22%2C%22context%22%3A%7B%22transformContext%22%3A%22%7B%5C%22viewerID%5C%22%3A%5C%22100003276413354%5C%22%2C%5C%22appID%5C%22%3A155160167952447%2C%5C%22locale%5C%22%3A%5C%22en_US%5C%22%2C%5C%22queryID%5C%22%3A%5C%22836675693134221%5C%22%2C%5C%22serializedQueryParameters%5C%22%3A%5C%22%7B%5C%5C%5C%22input%5C%5C%5C%22%3A%5C%5C%5C%22%7B%5C%5C%5C%5C%5C%5C%5C%22client_subscription_id%5C%5C%5C%5C%5C%5C%5C%22%3A%5C%5C%5C%5C%5C%5C%5C%22ac03a7e7-bcd4-4bc7-877f-311b15a2bfd8%5C%5C%5C%5C%5C%5C%5C%22%2C%5C%5C%5C%5C%5C%5C%5C%22feedback_id%5C%5C%5C%5C%5C%5C%5C%22%3A%5C%5C%5C%5C%5C%5C%5C%22984436151675589%5C%5C%5C%5C%5C%5C%5C%22%7D%5C%5C%5C%22%7D%5C%22%7D%22%2C%22locale%22%3A%22en_US%22%7D%7D%2C%7B%22topic%22%3A%22gqls%2Fcomment_create_subscribe%2Ftop_level_feedback_id_984436151675589%22%2C%22state%22%3A%22s%22%2C%22context%22%3A%7B%22transformContext%22%3A%22%7B%5C%22viewerID%5C%22%3A%5C%22100003276413354%5C%22%2C%5C%22appID%5C%22%3A155160167952447%2C%5C%22locale%5C%22%3A%5C%22en_US%5C%22%2C%5C%22queryID%5C%22%3A%5C%22829607047174419%5C%22%2C%5C%22serializedQueryParameters%5C%22%3A%5C%22%7B%5C%5C%5C%22input%5C%5C%5C%22%3A%5C%5C%5C%22%7B%5C%5C%5C%5C%5C%5C%5C%22client_subscription_id%5C%5C%5C%5C%5C%5C%5C%22%3A%5C%5C%5C%5C%5C%5C%5C%22110cb204-a037-4ce8-ab55-fa4cdbf1db66%5C%5C%5C%5C%5C%5C%5C%22%2C%5C%5C%5C%5C%5C%5C%5C%22feedback_id%5C%5C%5C%5C%5C%5C%5C%22%3A%5C%5C%5C%5C%5C%5C%5C%22984436151675589%5C%5C%5C%5C%5C%5C%5C%22%7D%5C%5C%5C%22%7D%5C%22%7D%22%2C%22locale%22%3A%22en_US%22%7D%7D%2C%7B%22topic%22%3A%22gqls%2Fcomment_like_subscribe%2Ftop_level_feedback_id_984436151675589%22%2C%22state%22%3A%22s%22%2C%22context%22%3A%7B%22transformContext%22%3A%22%7B%5C%22viewerID%5C%22%3A%5C%22100003276413354%5C%22%2C%5C%22appID%5C%22%3A155160167952447%2C%5C%22locale%5C%22%3A%5C%22en_US%5C%22%2C%5C%22queryID%5C%22%3A%5C%22829607060507751%5C%22%2C%5C%22serializedQueryParameters%5C%22%3A%5C%22%7B%5C%5C%5C%22input%5C%5C%5C%22%3A%5C%5C%5C%22%7B%5C%5C%5C%5C%5C%5C%5C%22client_subscription_id%5C%5C%5C%5C%5C%5C%5C%22%3A%5C%5C%5C%5C%5C%5C%5C%22a952a2ea-09d9-4c8b-8505-5d26f52e1c63%5C%5C%5C%5C%5C%5C%5C%22%2C%5C%5C%5C%5C%5C%5C%5C%22top_level_feedback_id%5C%5C%5C%5C%5C%5C%5C%22%3A%5C%5C%5C%5C%5C%5C%5C%22984436151675589%5C%5C%5C%5C%5C%5C%5C%22%7D%5C%5C%5C%22%7D%5C%22%7D%22%2C%22locale%22%3A%22en_US%22%7D%7D%2C%7B%22topic%22%3A%22gqls%2Ffeedback_typing_subscribe%2Ffeedback_id_984436151675589%22%2C%22state%22%3A%22s%22%2C%22context%22%3A%7B%22transformContext%22%3A%22%7B%5C%22viewerID%5C%22%3A%5C%22100003276413354%5C%22%2C%5C%22appID%5C%22%3A155160167952447%2C%5C%22locale%5C%22%3A%5C%22en_US%5C%22%2C%5C%22queryID%5C%22%3A%5C%22829607063841084%5C%22%2C%5C%22serializedQueryParameters%5C%22%3A%5C%22%7B%5C%5C%5C%22input%5C%5C%5C%22%3A%5C%5C%5C%22%7B%5C%5C%5C%5C%5C%5C%5C%22client_subscription_id%5C%5C%5C%5C%5C%5C%5C%22%3A%5C%5C%5C%5C%5C%5C%5C%221dab287f-5611-4378-9155-f3190e17da29%5C%5C%5C%5C%5C%5C%5C%22%2C%5C%5C%5C%5C%5C%5C%5C%22feedback_id%5C%5C%5C%5C%5C%5C%5C%22%3A%5C%5C%5C%5C%5C%5C%5C%22984436151675589%5C%5C%5C%5C%5C%5C%5C%22%7D%5C%5C%5C%22%7D%5C%22%7D%22%2C%22locale%22%3A%22en_US%22%7D%7D]%7DHTTP/1.1 200 OK
Cache-Control: private, no-store, no-cache, must-revalidate
Pragma: no-cache
Content-Type: application/json
Date: Thu, 1 Sep 2016 16:46:43 GMT
Access-Control-Allow-Origin: https://www.facebook.com
Access-Control-Allow-Credentials: true
Connection: keep-alive
Content-Length: 22

for (;;); {"t":"pong"}